d:\vsproj\win32opencv\win32opencv\x64\release\win32opencv.pch
d:\vsproj\win32opencv\win32opencv\x64\release\vc120.pdb
d:\vsproj\win32opencv\win32opencv\x64\release\stdafx.obj
d:\vsproj\win32opencv\win32opencv\x64\release\win32opencv.obj
d:\vsproj\win32opencv\win32opencv\x64\release\cv_sobel.obj
d:\vsproj\win32opencv\win32opencv\x64\release\cv_roi.obj
d:\vsproj\win32opencv\win32opencv\x64\release\cv_colors.obj
d:\vsproj\win32opencv\win32opencv\x64\release\cv_channels.obj
d:\vsproj\win32opencv\win32opencv\x64\release\cv_brightness.obj
d:\vsproj\win32opencv\win32opencv\x64\release\cv_blur.obj
d:\vsproj\win32opencv\win32opencv\x64\release\cv_filters.obj
d:\vsproj\win32opencv\win32opencv\x64\release\cv_morph.obj
d:\vsproj\win32opencv\win32opencv\x64\release\cv_canny.obj
d:\vsproj\win32opencv\win32opencv\x64\release\cv_resize.obj
d:\vsproj\win32opencv\x64\release\win32opencv.exe
d:\vsproj\win32opencv\x64\release\win32opencv.pdb
d:\vsproj\win32opencv\win32opencv\x64\release\win32opencv.tlog\cl.command.1.tlog
d:\vsproj\win32opencv\win32opencv\x64\release\win32opencv.tlog\cl.read.1.tlog
d:\vsproj\win32opencv\win32opencv\x64\release\win32opencv.tlog\cl.write.1.tlog
d:\vsproj\win32opencv\win32opencv\x64\release\win32opencv.tlog\link.command.1.tlog
d:\vsproj\win32opencv\win32opencv\x64\release\win32opencv.tlog\link.read.1.tlog
d:\vsproj\win32opencv\win32opencv\x64\release\win32opencv.tlog\link.write.1.tlog
